<?xml version="1.0" encoding="UTF-8"?>
<!-- Generated by org.testng.reporters.JUnitReportReporter -->
<testsuite skipped="0" hostname="Parvez-Home" name="com.qa.test.GetApiTest" tests="1" failures="0" timestamp="19 Mar 2018 16:18:22 GMT" time="0.831" errors="0">
  <testcase name="getAPITest" time="0.831" classname="com.qa.test.GetApiTest"/>
</testsuite> <!-- com.qa.test.GetApiTest -->
